<?xml version="1.0" encoding="UTF-8"?>
<!-- Generated by org.testng.reporters.JUnitReportReporter -->
<testsuite hostname="DESKTOP-5D97ORV" failures="0" tests="1" name="testAPI.Automation.APITest" time="4.469" errors="0" timestamp="2022-05-12T11:15:10 ICT" skipped="0">
  <testcase classname="testAPI.Automation.APITest" name="user_input_mathematic_operator_in_count" time="4.469"/>
  <system-out/>
</testsuite> <!-- testAPI.Automation.APITest -->
